[debug] [2022-09-11T09:12:09.938Z] ----------------------------------------------------------------------
[debug] [2022-09-11T09:12:09.939Z] Command:       C:\Program Files\nodejs\node.exe C:\Users\eyo25\AppData\Roaming\npm\node_modules\firebase-tools\lib\bin\firebase.js init
[debug] [2022-09-11T09:12:09.940Z] CLI Version:   9.23.1
[debug] [2022-09-11T09:12:09.940Z] Platform:      win32
[debug] [2022-09-11T09:12:09.940Z] Node Version:  v16.15.0
[debug] [2022-09-11T09:12:09.942Z] Time:          Sun Sep 11 2022 18:12:09 GMT+0900 (대한민국 표준시)
[debug] [2022-09-11T09:12:09.942Z] ----------------------------------------------------------------------
[debug] 
[debug] [2022-09-11T09:12:09.945Z] >>> [apiv2][query] GET https://firebase-public.firebaseio.com/cli.json [none]
[debug] [2022-09-11T09:12:09.964Z] > command requires scopes: ["email","openid","https://www.googleapis.com/auth/cloudplatformprojects.readonly","https://www.googleapis.com/auth/firebase","https://www.googleapis.com/auth/cloud-platform"]
[debug] [2022-09-11T09:12:09.964Z] > authorizing via signed-in user (qutuzm@naver.com)
[info] 
     ######## #### ########  ######## ########     ###     ######  ########
     ##        ##  ##     ## ##       ##     ##  ##   ##  ##       ##
     ######    ##  ########  ######   ########  #########  ######  ######
     ##        ##  ##    ##  ##       ##     ## ##     ##       ## ##
     ##       #### ##     ## ######## ########  ##     ##  ######  ########

You're about to initialize a Firebase project in this directory:

  C:\Users\eyo25\Desktop\eyo25\react-basefile

[debug] [2022-09-11T09:12:10.359Z] <<< [apiv2][status] GET https://firebase-public.firebaseio.com/cli.json 200
[debug] [2022-09-11T09:12:10.360Z] <<< [apiv2][body] GET https://firebase-public.firebaseio.com/cli.json {"cloudBuildErrorAfter":1594252800000,"cloudBuildWarnAfter":1590019200000,"defaultNode10After":1594252800000,"minVersion":"3.0.5","node8DeploysDisabledAfter":1613390400000,"node8RuntimeDisabledAfter":1615809600000,"node8WarnAfter":1600128000000}
